have_header: checking for ../okapi-bss.h... -------------------- yes

"gcc -o conftest -I/home/nan/.rvm/rubies/ruby-1.9.3-p327/include/ruby-1.9.1/x86_64-linux -I/home/nan/.rvm/rubies/ruby-1.9.3-p327/include/ruby-1.9.1/ruby/backward -I/home/nan/.rvm/rubies/ruby-1.9.3-p327/include/ruby-1.9.1 -I. -I../    -I/home/nan/.rvm/rubies/ruby-1.9.3-p327/include  -O3 -ggdb -Wall -Wextra -Wno-unused-parameter -Wno-parentheses -Wno-long-long -Wno-missing-field-initializers -Wpointer-arith -Wwrite-strings -Wdeclaration-after-statement -Wimplicit-function-declaration  -fPIC conftest.c  -L. -L/home/nan/.rvm/rubies/ruby-1.9.3-p327/lib -Wl,-R/home/nan/.rvm/rubies/ruby-1.9.3-p327/lib -L/home/nan/.rvm/rubies/ruby-1.9.3-p327/lib -Wl,-R/home/nan/.rvm/rubies/ruby-1.9.3-p327/lib -L.  -rdynamic -Wl,-export-dynamic -L/home/nan/.rvm/rubies/ruby-1.9.3-p327/lib  -Wl,-R/home/nan/.rvm/rubies/ruby-1.9.3-p327/lib      '-Wl,-rpath,/../lib' -Wl,-R -Wl,/home/nan/.rvm/rubies/ruby-1.9.3-p327/lib -L/home/nan/.rvm/rubies/ruby-1.9.3-p327/lib -lruby  -lpthread -lrt -ldl -lcrypt -lm   -lc"
checked program was:
/* begin */
1: #include "ruby.h"
2: 
3: int main() {return 0;}
/* end */

"gcc -E -I/home/nan/.rvm/rubies/ruby-1.9.3-p327/include/ruby-1.9.1/x86_64-linux -I/home/nan/.rvm/rubies/ruby-1.9.3-p327/include/ruby-1.9.1/ruby/backward -I/home/nan/.rvm/rubies/ruby-1.9.3-p327/include/ruby-1.9.1 -I. -I../    -I/home/nan/.rvm/rubies/ruby-1.9.3-p327/include  -O3 -ggdb -Wall -Wextra -Wno-unused-parameter -Wno-parentheses -Wno-long-long -Wno-missing-field-initializers -Wpointer-arith -Wwrite-strings -Wdeclaration-after-statement -Wimplicit-function-declaration  -fPIC  conftest.c -o conftest.i"
checked program was:
/* begin */
1: #include "ruby.h"
2: 
3: #include <../okapi-bss.h>
/* end */

--------------------

have_library: checking for main() in -lokapibss... -------------------- yes

"gcc -o conftest -I/home/nan/.rvm/rubies/ruby-1.9.3-p327/include/ruby-1.9.1/x86_64-linux -I/home/nan/.rvm/rubies/ruby-1.9.3-p327/include/ruby-1.9.1/ruby/backward -I/home/nan/.rvm/rubies/ruby-1.9.3-p327/include/ruby-1.9.1 -I. -I../    -I/home/nan/.rvm/rubies/ruby-1.9.3-p327/include  -O3 -ggdb -Wall -Wextra -Wno-unused-parameter -Wno-parentheses -Wno-long-long -Wno-missing-field-initializers -Wpointer-arith -Wwrite-strings -Wdeclaration-after-statement -Wimplicit-function-declaration  -fPIC conftest.c  -L. -L/home/nan/.rvm/rubies/ruby-1.9.3-p327/lib -Wl,-R/home/nan/.rvm/rubies/ruby-1.9.3-p327/lib -L/home/nan/.rvm/rubies/ruby-1.9.3-p327/lib -Wl,-R/home/nan/.rvm/rubies/ruby-1.9.3-p327/lib -L.  -rdynamic -Wl,-export-dynamic -L/home/nan/.rvm/rubies/ruby-1.9.3-p327/lib  -Wl,-R/home/nan/.rvm/rubies/ruby-1.9.3-p327/lib      '-Wl,-rpath,/../lib' -Wl,-R -Wl,/home/nan/.rvm/rubies/ruby-1.9.3-p327/lib -L/home/nan/.rvm/rubies/ruby-1.9.3-p327/lib -lruby -lokapibss  -lpthread -lrt -ldl -lcrypt -lm   -lc"
conftest.c: In function ‘t’:
conftest.c:5:28: warning: variable ‘p’ set but not used [-Wunused-but-set-variable]
checked program was:
/* begin */
1: #include "ruby.h"
2: 
3: /*top*/
4: int main() {return 0;}
5: int t() { void ((*volatile p)()); p = (void ((*)()))main; return 0; }
/* end */

--------------------

